[ 2024-08-13 06:21:52,579] 9 INFO Data Ingested Successfully!
[ 2024-08-13 06:21:53,429] 28 INFO KMeans(n_clusters=10, random_state=5) pickle file created!
[ 2024-08-13 06:21:53,430] 53 INFO KMeans file is saved!
[ 2024-08-13 06:21:53,431] 55 INFO Number of clusters found: 3
[ 2024-08-13 06:21:53,508] 17 INFO Created Train and Test data
[ 2024-08-13 06:21:53,521] 28 INFO StandardScaler() pickle file created!
[ 2024-08-13 06:21:53,522] 42 INFO Scaler file is saved!
[ 2024-08-13 06:21:53,522] 85 INFO Model Training Started!
[ 2024-08-13 06:21:53,564] 28 INFO LogisticRegression() pickle file created!
[ 2024-08-13 06:22:13,140] 28 INFO SVC() pickle file created!
[ 2024-08-13 06:22:13,467] 28 INFO DecisionTreeClassifier() pickle file created!
[ 2024-08-13 06:22:18,060] 28 INFO RandomForestClassifier() pickle file created!
[ 2024-08-13 06:22:19,613] 28 INFO AdaBoostClassifier() pickle file created!
[ 2024-08-13 06:22:25,829] 28 INFO GradientBoostingClassifier() pickle file created!
[ 2024-08-13 06:22:27,193] 32 INFO Error occured while creating XGBClassifier(base_score=None, booster=None, callbacks=None,
              colsample_bylevel=None, colsample_bynode=None,
              colsample_bytree=None, device=None, early_stopping_rounds=None,
              enable_categorical=False, eval_metric=None, feature_types=None,
              gamma=None, grow_policy=None, importance_type=None,
              interaction_constraints=None, learning_rate=None, max_bin=None,
              max_cat_threshold=None, max_cat_to_onehot=None,
              max_delta_step=None, max_depth=None, max_leaves=None,
              min_child_weight=None, missing=nan, monotone_constraints=None,
              multi_strategy=None, n_estimators=None, n_jobs=None,
              num_parallel_tree=None, random_state=None, ...) pickle file!
